<?xml version="1.0" encoding="UTF-8" ?>
<testsuites>
  <testsuite errors="0" failures="1" hostname="LYUR" id="0" name="CartTests" package="rental" tests="1" time="1.558" timestamp="2014-03-18T05:34:21">
      <properties />

      <testcase classname="rental.CartTests" name="testSomething" time="1.47">
          <failure message="junit.framework.AssertionFailedError: Implement me" type="junit.framework.AssertionFailedError">junit.framework.AssertionFailedError: junit.framework.AssertionFailedError: Implement me
	at rental.CartTests.testSomething(CartTests.groovy:15)
</failure>

      </testcase>

      <system-out><![CDATA[--Output from testSomething--
]]></system-out>

      <system-err><![CDATA[--Output from testSomething--
]]></system-err>

  </testsuite>
  <testsuite errors="0" failures="0" hostname="LYUR" id="1" name="CustomerTests" package="rental" tests="1" time="0.681" timestamp="2014-03-18T05:34:22">
      <properties />

      <testcase classname="rental.CustomerTests" name="testBlankCustomerField" time="0.676" />

      <system-out><![CDATA[--Output from testBlankCustomerField--
]]></system-out>

      <system-err><![CDATA[--Output from testBlankCustomerField--
]]></system-err>

  </testsuite>
  <testsuite errors="0" failures="0" hostname="LYUR" id="2" name="MovieTests" package="rental" tests="4" time="1.556" timestamp="2014-03-18T05:34:23">
      <properties />

      <testcase classname="rental.MovieTests" name="testIfMovieIsRented" time="1.323" />

      <testcase classname="rental.MovieTests" name="testBlankMovieField" time="0.045" />

      <testcase classname="rental.MovieTests" name="testIfMovieListIsEmpty" time="0.095" />

      <testcase classname="rental.MovieTests" name="testIfMovieIsAvailable" time="0.065" />

      <system-out><![CDATA[--Output from testIfMovieIsRented--
--Output from testBlankMovieField--
--Output from testIfMovieListIsEmpty--
--Output from testIfMovieIsAvailable--
]]></system-out>

      <system-err><![CDATA[--Output from testIfMovieIsRented--
--Output from testBlankMovieField--
--Output from testIfMovieListIsEmpty--
--Output from testIfMovieIsAvailable--
]]></system-err>

  </testsuite>
  <testsuite errors="0" failures="0" hostname="LYUR" id="3" name="UserTests" package="rental" tests="5" time="0.524" timestamp="2014-03-18T05:34:25">
      <properties />

      <testcase classname="rental.UserTests" name="testMockGorm" time="0.283" />

      <testcase classname="rental.UserTests" name="testBlank" time="0.043" />

      <testcase classname="rental.UserTests" name="testPassword" time="0.045" />

      <testcase classname="rental.UserTests" name="testMockDomain" time="0.052" />

      <testcase classname="rental.UserTests" name="testUniqueLogin" time="0.048" />

      <system-out><![CDATA[--Output from testMockGorm--
--Output from testBlank--
--Output from testPassword--
--Output from testMockDomain--
--Output from testUniqueLogin--
]]></system-out>

      <system-err><![CDATA[--Output from testMockGorm--
--Output from testBlank--
--Output from testPassword--
--Output from testMockDomain--
--Output from testUniqueLogin--
]]></system-err>

  </testsuite>
</testsuites>
