<?xml version="1.0" encoding="UTF-8" ?>
<testsuites>
  <testsuite errors="0" failures="1" hostname="LYUR" id="0" name="CustomerControllerTests" package="MovieRental" tests="1" time="2.488" timestamp="2014-02-10T12:25:58">
      <properties />

      <testcase classname="MovieRental.CustomerControllerTests" name="testSomething" time="2.425">
          <failure message="junit.framework.AssertionFailedError: Implement me" type="junit.framework.AssertionFailedError">junit.framework.AssertionFailedError: junit.framework.AssertionFailedError: Implement me
	at MovieRental.CustomerControllerTests.testSomething(CustomerControllerTests.groovy:15)
</failure>

      </testcase>

      <system-out><![CDATA[--Output from testSomething--
]]></system-out>

      <system-err><![CDATA[--Output from testSomething--
]]></system-err>

  </testsuite>
</testsuites>
